<?xml version="1.0" encoding="UTF-8"?>
<!-- Generated by org.testng.reporters.JUnitXMLReporter -->
<testsuite ignored="0" hostname="LAPTOP-FA1A1U4P" failures="0" tests="2" name="Test" time="74.225" errors="0" timestamp="16 Jun 2020 19:39:30 GMT">
  <testcase classname="Barclays_Client.parallel" name="@AfterTest teardown" time="1.659">
    <failure type="java.io.IOException" message="Source &amp;apos;C:\Users\hp\AppData\Local\Temp\screenshot14993903155696671266.png&amp;apos; exists but is not a directory">
      <![CDATA[java.io.IOException: Source 'C:\Users\hp\AppData\Local\Temp\screenshot14993903155696671266.png' exists but is not a directory
at org.apache.commons.io.FileUtils.copyDirectory(FileUtils.java:1348)
at org.apache.commons.io.FileUtils.copyDirectory(FileUtils.java:1246)
at org.apache.commons.io.FileUtils.copyDirectory(FileUtils.java:1215)
at Barclays_Client.parallel.teardown(parallel.java:61)
... Removed 24 stack frames]]>
    </failure>
  </testcase> <!-- @AfterTest teardown -->
  <testcase classname="Barclays_Client.parallel" name="Method_test2" time="45.586"/>
  <testcase classname="Barclays_Client.parallel" name="Method_test1" time="72.406"/>
</testsuite> <!-- Test -->
